Determining if the function crc32c_value exists in the crc32c failed with the following output:
Change Dir: /home/ehds/Programs/leveldb/bld/CMakeFiles/CMakeTmp

Run Build Command:"/usr/bin/make" "cmTC_c16ab/fast"
/usr/bin/make -f CMakeFiles/cmTC_c16ab.dir/build.make CMakeFiles/cmTC_c16ab.dir/build
make[1]: Entering directory '/home/ehds/Programs/leveldb/bld/CMakeFiles/CMakeTmp'
Building C object CMakeFiles/cmTC_c16ab.dir/CheckFunctionExists.c.o
/usr/bin/cc   -DCHECK_FUNCTION_EXISTS=crc32c_value   -std=c11 -o CMakeFiles/cmTC_c16ab.dir/CheckFunctionExists.c.o   -c /usr/share/cmake-3.13/Modules/CheckFunctionExists.c
Linking C executable cmTC_c16ab
/usr/bin/cmake -E cmake_link_script CMakeFiles/cmTC_c16ab.dir/link.txt --verbose=1
/usr/bin/cc  -DCHECK_FUNCTION_EXISTS=crc32c_value    CMakeFiles/cmTC_c16ab.dir/CheckFunctionExists.c.o  -o cmTC_c16ab -lcrc32c 
/usr/bin/ld: cannot find -lcrc32c
collect2: error: ld returned 1 exit status
make[1]: *** [CMakeFiles/cmTC_c16ab.dir/build.make:87: cmTC_c16ab] Error 1
make[1]: Leaving directory '/home/ehds/Programs/leveldb/bld/CMakeFiles/CMakeTmp'
make: *** [Makefile:121: cmTC_c16ab/fast] Error 2


Determining if the function snappy_compress exists in the snappy failed with the following output:
Change Dir: /home/ehds/Programs/leveldb/bld/CMakeFiles/CMakeTmp

Run Build Command:"/usr/bin/make" "cmTC_2e086/fast"
/usr/bin/make -f CMakeFiles/cmTC_2e086.dir/build.make CMakeFiles/cmTC_2e086.dir/build
make[1]: Entering directory '/home/ehds/Programs/leveldb/bld/CMakeFiles/CMakeTmp'
Building C object CMakeFiles/cmTC_2e086.dir/CheckFunctionExists.c.o
/usr/bin/cc   -DCHECK_FUNCTION_EXISTS=snappy_compress   -std=c11 -o CMakeFiles/cmTC_2e086.dir/CheckFunctionExists.c.o   -c /usr/share/cmake-3.13/Modules/CheckFunctionExists.c
Linking C executable cmTC_2e086
/usr/bin/cmake -E cmake_link_script CMakeFiles/cmTC_2e086.dir/link.txt --verbose=1
/usr/bin/cc  -DCHECK_FUNCTION_EXISTS=snappy_compress    CMakeFiles/cmTC_2e086.dir/CheckFunctionExists.c.o  -o cmTC_2e086 -lsnappy 
/usr/bin/ld: cannot find -lsnappy
collect2: error: ld returned 1 exit status
make[1]: *** [CMakeFiles/cmTC_2e086.dir/build.make:87: cmTC_2e086] Error 1
make[1]: Leaving directory '/home/ehds/Programs/leveldb/bld/CMakeFiles/CMakeTmp'
make: *** [Makefile:121: cmTC_2e086/fast] Error 2


Determining if the function malloc exists in the tcmalloc failed with the following output:
Change Dir: /home/ehds/Programs/leveldb/bld/CMakeFiles/CMakeTmp

Run Build Command:"/usr/bin/make" "cmTC_60831/fast"
/usr/bin/make -f CMakeFiles/cmTC_60831.dir/build.make CMakeFiles/cmTC_60831.dir/build
make[1]: Entering directory '/home/ehds/Programs/leveldb/bld/CMakeFiles/CMakeTmp'
Building C object CMakeFiles/cmTC_60831.dir/CheckFunctionExists.c.o
/usr/bin/cc   -DCHECK_FUNCTION_EXISTS=malloc   -std=c11 -o CMakeFiles/cmTC_60831.dir/CheckFunctionExists.c.o   -c /usr/share/cmake-3.13/Modules/CheckFunctionExists.c
<command-line>: warning: conflicting types for built-in function ‘malloc’ [-Wbuiltin-declaration-mismatch]
/usr/share/cmake-3.13/Modules/CheckFunctionExists.c:7:3: note: in expansion of macro ‘CHECK_FUNCTION_EXISTS’
   CHECK_FUNCTION_EXISTS(void);
   ^~~~~~~~~~~~~~~~~~~~~
Linking C executable cmTC_60831
/usr/bin/cmake -E cmake_link_script CMakeFiles/cmTC_60831.dir/link.txt --verbose=1
/usr/bin/cc  -DCHECK_FUNCTION_EXISTS=malloc    CMakeFiles/cmTC_60831.dir/CheckFunctionExists.c.o  -o cmTC_60831 -ltcmalloc 
/usr/bin/ld: cannot find -ltcmalloc
collect2: error: ld returned 1 exit status
make[1]: *** [CMakeFiles/cmTC_60831.dir/build.make:87: cmTC_60831] Error 1
make[1]: Leaving directory '/home/ehds/Programs/leveldb/bld/CMakeFiles/CMakeTmp'
make: *** [Makefile:121: cmTC_60831/fast] Error 2


Determining if the F_FULLFSYNC exist failed with the following output:
Change Dir: /home/ehds/Programs/leveldb/bld/CMakeFiles/CMakeTmp

Run Build Command:"/usr/bin/make" "cmTC_60a1b/fast"
/usr/bin/make -f CMakeFiles/cmTC_60a1b.dir/build.make CMakeFiles/cmTC_60a1b.dir/build
make[1]: Entering directory '/home/ehds/Programs/leveldb/bld/CMakeFiles/CMakeTmp'
Building CXX object CMakeFiles/cmTC_60a1b.dir/CheckSymbolExists.cxx.o
/usr/bin/clang++    -std=c++11 -o CMakeFiles/cmTC_60a1b.dir/CheckSymbolExists.cxx.o -c /home/ehds/Programs/leveldb/bld/CMakeFiles/CMakeTmp/CheckSymbolExists.cxx
/home/ehds/Programs/leveldb/bld/CMakeFiles/CMakeTmp/CheckSymbolExists.cxx:8:19: error: use of undeclared identifier 'F_FULLFSYNC'
  return ((int*)(&F_FULLFSYNC))[argc];
                  ^
1 error generated.
make[1]: *** [CMakeFiles/cmTC_60a1b.dir/build.make:66: CMakeFiles/cmTC_60a1b.dir/CheckSymbolExists.cxx.o] Error 1
make[1]: Leaving directory '/home/ehds/Programs/leveldb/bld/CMakeFiles/CMakeTmp'
make: *** [Makefile:121: cmTC_60a1b/fast] Error 2

File /home/ehds/Programs/leveldb/bld/CMakeFiles/CMakeTmp/CheckSymbolExists.cxx:
/* */
#include <fcntl.h>

int main(int argc, char** argv)
{
  (void)argv;
#ifndef F_FULLFSYNC
  return ((int*)(&F_FULLFSYNC))[argc];
#else
  (void)argc;
  return 0;
#endif
}

Determining if the pthread_create exist failed with the following output:
Change Dir: /home/ehds/Programs/leveldb/bld/CMakeFiles/CMakeTmp

Run Build Command:"/usr/bin/make" "cmTC_0251e/fast"
/usr/bin/make -f CMakeFiles/cmTC_0251e.dir/build.make CMakeFiles/cmTC_0251e.dir/build
make[1]: Entering directory '/home/ehds/Programs/leveldb/bld/CMakeFiles/CMakeTmp'
Building C object CMakeFiles/cmTC_0251e.dir/CheckSymbolExists.c.o
/usr/bin/cc   -Wstrict-prototypes    -std=c11 -o CMakeFiles/cmTC_0251e.dir/CheckSymbolExists.c.o   -c /home/ehds/Programs/leveldb/bld/CMakeFiles/CMakeTmp/CheckSymbolExists.c
Linking C executable cmTC_0251e
/usr/bin/cmake -E cmake_link_script CMakeFiles/cmTC_0251e.dir/link.txt --verbose=1
/usr/bin/cc  -Wstrict-prototypes     CMakeFiles/cmTC_0251e.dir/CheckSymbolExists.c.o  -o cmTC_0251e 
/usr/bin/ld: CMakeFiles/cmTC_0251e.dir/CheckSymbolExists.c.o: in function `main':
CheckSymbolExists.c:(.text+0x1b): undefined reference to `pthread_create'
collect2: error: ld returned 1 exit status
make[1]: *** [CMakeFiles/cmTC_0251e.dir/build.make:87: cmTC_0251e] Error 1
make[1]: Leaving directory '/home/ehds/Programs/leveldb/bld/CMakeFiles/CMakeTmp'
make: *** [Makefile:121: cmTC_0251e/fast] Error 2

File /home/ehds/Programs/leveldb/bld/CMakeFiles/CMakeTmp/CheckSymbolExists.c:
/* */
#include <pthread.h>

int main(int argc, char** argv)
{
  (void)argv;
#ifndef pthread_create
  return ((int*)(&pthread_create))[argc];
#else
  (void)argc;
  return 0;
#endif
}

Determining if the function pthread_create exists in the pthreads failed with the following output:
Change Dir: /home/ehds/Programs/leveldb/bld/CMakeFiles/CMakeTmp

Run Build Command:"/usr/bin/make" "cmTC_7a198/fast"
/usr/bin/make -f CMakeFiles/cmTC_7a198.dir/build.make CMakeFiles/cmTC_7a198.dir/build
make[1]: Entering directory '/home/ehds/Programs/leveldb/bld/CMakeFiles/CMakeTmp'
Building C object CMakeFiles/cmTC_7a198.dir/CheckFunctionExists.c.o
/usr/bin/cc   -Wstrict-prototypes -DCHECK_FUNCTION_EXISTS=pthread_create   -std=c11 -o CMakeFiles/cmTC_7a198.dir/CheckFunctionExists.c.o   -c /usr/share/cmake-3.13/Modules/CheckFunctionExists.c
Linking C executable cmTC_7a198
/usr/bin/cmake -E cmake_link_script CMakeFiles/cmTC_7a198.dir/link.txt --verbose=1
/usr/bin/cc  -Wstrict-prototypes -DCHECK_FUNCTION_EXISTS=pthread_create    CMakeFiles/cmTC_7a198.dir/CheckFunctionExists.c.o  -o cmTC_7a198 -lpthreads 
/usr/bin/ld: cannot find -lpthreads
collect2: error: ld returned 1 exit status
make[1]: *** [CMakeFiles/cmTC_7a198.dir/build.make:87: cmTC_7a198] Error 1
make[1]: Leaving directory '/home/ehds/Programs/leveldb/bld/CMakeFiles/CMakeTmp'
make: *** [Makefile:121: cmTC_7a198/fast] Error 2


Determining if the function sqlite3_open exists in the sqlite3 failed with the following output:
Change Dir: /home/ehds/Programs/leveldb/bld/CMakeFiles/CMakeTmp

Run Build Command:"/usr/bin/make" "cmTC_f484d/fast"
/usr/bin/make -f CMakeFiles/cmTC_f484d.dir/build.make CMakeFiles/cmTC_f484d.dir/build
make[1]: Entering directory '/home/ehds/Programs/leveldb/bld/CMakeFiles/CMakeTmp'
Building C object CMakeFiles/cmTC_f484d.dir/CheckFunctionExists.c.o
/usr/bin/cc   -Wstrict-prototypes -DCHECK_FUNCTION_EXISTS=sqlite3_open   -std=c11 -o CMakeFiles/cmTC_f484d.dir/CheckFunctionExists.c.o   -c /usr/share/cmake-3.13/Modules/CheckFunctionExists.c
Linking C executable cmTC_f484d
/usr/bin/cmake -E cmake_link_script CMakeFiles/cmTC_f484d.dir/link.txt --verbose=1
/usr/bin/cc  -Wstrict-prototypes -DCHECK_FUNCTION_EXISTS=sqlite3_open    CMakeFiles/cmTC_f484d.dir/CheckFunctionExists.c.o  -o cmTC_f484d -lsqlite3 
/usr/bin/ld: cannot find -lsqlite3
collect2: error: ld returned 1 exit status
make[1]: *** [CMakeFiles/cmTC_f484d.dir/build.make:87: cmTC_f484d] Error 1
make[1]: Leaving directory '/home/ehds/Programs/leveldb/bld/CMakeFiles/CMakeTmp'
make: *** [Makefile:121: cmTC_f484d/fast] Error 2


Performing C++ SOURCE FILE Test HAVE_KYOTOCABINET failed with the following output:
Change Dir: /home/ehds/Programs/leveldb/bld/CMakeFiles/CMakeTmp

Run Build Command:"/usr/bin/make" "cmTC_31c83/fast"
/usr/bin/make -f CMakeFiles/cmTC_31c83.dir/build.make CMakeFiles/cmTC_31c83.dir/build
make[1]: Entering directory '/home/ehds/Programs/leveldb/bld/CMakeFiles/CMakeTmp'
Building CXX object CMakeFiles/cmTC_31c83.dir/src.cxx.o
/usr/bin/clang++    -DHAVE_KYOTOCABINET   -std=c++11 -o CMakeFiles/cmTC_31c83.dir/src.cxx.o -c /home/ehds/Programs/leveldb/bld/CMakeFiles/CMakeTmp/src.cxx
/home/ehds/Programs/leveldb/bld/CMakeFiles/CMakeTmp/src.cxx:2:10: fatal error: 'kcpolydb.h' file not found
#include <kcpolydb.h>
         ^~~~~~~~~~~~
1 error generated.
make[1]: *** [CMakeFiles/cmTC_31c83.dir/build.make:66: CMakeFiles/cmTC_31c83.dir/src.cxx.o] Error 1
make[1]: Leaving directory '/home/ehds/Programs/leveldb/bld/CMakeFiles/CMakeTmp'
make: *** [Makefile:121: cmTC_31c83/fast] Error 2

Source file was:

#include <kcpolydb.h>

int main() {
  kyotocabinet::TreeDB* db = new kyotocabinet::TreeDB();
  delete db;
  return 0;
}
  
